<?xml version="1.0" encoding="UTF-8"?><testsuite errors="0" failures="0" name="com.categories.categoriesinfo.CategoriesCURDTestwithSteps" skipped="0" tests="4" time="8.17" timestamp="2022-10-04T17:39:58.600-04:00[America/New_York]"><testcase classname="com.categories.categoriesinfo.CategoriesCURDTestwithSteps" name="This will create a new categories"/><testcase classname="com.categories.categoriesinfo.CategoriesCURDTestwithSteps" name="Verify if categories is created"/><testcase classname="com.categories.categoriesinfo.CategoriesCURDTestwithSteps" name="update the user information"/><testcase classname="com.categories.categoriesinfo.CategoriesCURDTestwithSteps" name="Delete categories info by categoriesid and verify its deleted"/></testsuite>